<?xml version="1.0" encoding="UTF-8"?>
<coverage generated="1581209309453" clover="3.2.0">
  <project timestamp="1581209309453" name="All files">
    <metrics statements="27" coveredstatements="13" conditionals="2" coveredconditionals="0" methods="7" coveredmethods="4" elements="36" coveredelements="17" complexity="0" loc="27" ncloc="27" packages="1" files="1" classes="1"/>
    <file name="list.js" path="/Users/jurrish/CF401/2_lecture/src/list/lib/list.js">
      <metrics statements="27" coveredstatements="13" conditionals="2" coveredconditionals="0" methods="7" coveredmethods="4"/>
      <line num="5" count="6" type="stmt"/>
      <line num="10" count="13" type="stmt"/>
      <line num="13" count="13" type="stmt"/>
      <line num="16" count="13" type="stmt"/>
      <line num="20" count="1" type="stmt"/>
      <line num="23" count="1" type="stmt"/>
      <line num="25" count="4" type="stmt"/>
      <line num="27" count="1" type="stmt"/>
      <line num="31" count="2" type="stmt"/>
      <line num="32" count="2" type="stmt"/>
      <line num="33" count="2" type="stmt"/>
      <line num="34" count="2" type="stmt"/>
      <line num="38" count="0" type="stmt"/>
      <line num="39" count="0" type="stmt"/>
      <line num="41" count="0" type="cond" truecount="0" falsecount="2"/>
      <line num="43" count="0" type="stmt"/>
      <line num="46" count="0" type="stmt"/>
      <line num="52" count="0" type="stmt"/>
      <line num="53" count="0" type="stmt"/>
      <line num="55" count="0" type="stmt"/>
      <line num="59" count="0" type="stmt"/>
      <line num="60" count="0" type="stmt"/>
      <line num="61" count="0" type="stmt"/>
      <line num="62" count="0" type="stmt"/>
      <line num="63" count="0" type="stmt"/>
      <line num="65" count="0" type="stmt"/>
      <line num="71" count="1" type="stmt"/>
    </file>
  </project>
</coverage>
