TN:
SF:lib/list.js
FN:4,(anonymous_0)
FN:8,(anonymous_1)
FN:19,(anonymous_2)
FN:30,(anonymous_3)
FN:37,(anonymous_4)
FN:49,(anonymous_5)
FN:58,(anonymous_6)
FNF:7
FNH:4
FNDA:6,(anonymous_0)
FNDA:13,(anonymous_1)
FNDA:1,(anonymous_2)
FNDA:2,(anonymous_3)
FNDA:0,(anonymous_4)
FNDA:0,(anonymous_5)
FNDA:0,(anonymous_6)
DA:5,6
DA:10,13
DA:13,13
DA:16,13
DA:20,1
DA:23,1
DA:25,4
DA:27,1
DA:31,2
DA:32,2
DA:33,2
DA:34,2
DA:38,0
DA:39,0
DA:41,0
DA:43,0
DA:46,0
DA:52,0
DA:53,0
DA:55,0
DA:59,0
DA:60,0
DA:61,0
DA:62,0
DA:63,0
DA:65,0
DA:71,1
LF:27
LH:13
BRDA:41,0,0,0
BRDA:41,0,1,0
BRF:2
BRH:0
end_of_record
